[INFO] Scanning for projects...
[INFO] 
[INFO] -----------------< org.apache.commons:commons-lang3 >-----------------
[INFO] Building Apache Commons Lang 3.12.0
[INFO] --------------------------------[ jar ]---------------------------------
[INFO] 
[INFO] --- maven-compiler-plugin:3.8.1:compile (default-compile) @ commons-lang3 ---
[INFO] Changes detected - recompiling the module!
[INFO] Compiling 1234 source files to /path/to/commons-lang/target/classes
[INFO] 
[INFO] --- maven-compiler-plugin:3.8.1:testCompile (default-testCompile) @ commons-lang3 ---
[INFO] Changes detected - recompiling the module!
[INFO] Compiling 567 source files to /path/to/commons-lang/target/test-classes
[INFO] 
[INFO] --- maven-surefire-plugin:3.0.0-M7:test (default-test) @ commons-lang3 ---
[INFO] Using auto detected provider org.apache.maven.surefire.junitplatform.JUnitPlatformProvider
[INFO] 
[INFO] -------------------------------------------------------
[INFO]  T E S T S
[INFO] -------------------------------------------------------
[INFO] Running org.apache.commons.lang3.StringUtilsTest
[ERROR] Tests run: 1, Failures: 1, Errors: 0, Skipped: 0, Time elapsed: 0.123 s <<< FAILURE!
[ERROR] testIsBlank(org.apache.commons.lang3.StringUtilsTest)  Time elapsed: 0.045 s  <<< FAILURE!
[ERROR] java.lang.AssertionError: Expected: <true> but was: <false>
[ERROR] 	at org.junit.Assert.assertEquals(Assert.java:117)
[ERROR] 	at org.junit.Assert.assertEquals(Assert.java:144)
[ERROR] 	at org.apache.commons.lang3.StringUtilsTest.testIsBlank(StringUtilsTest.java:42)
[ERROR] 	at java.base/jdk.internal.reflect.NativeMethodAccessorImpl.invoke0(Native Method)
[ERROR] 	at java.base/jdk.internal.reflect.NativeMethodAccessorImpl.invoke(NativeMethodAccessorImpl.java:77)
[ERROR] 	at java.base/jdk.internal.reflect.DelegatingMethodAccessorImpl.invoke(DelegatingMethodAccessorImpl.java:43)
[ERROR] 	at java.base/java.lang.reflect.Method.invoke(Method.java:568)
[ERROR] 	at org.junit.platform.commons.util.ReflectionUtils.invokeMethod(ReflectionUtils.java:725)
[ERROR] 	at org.junit.platform.engine.execution.MethodInvocation.proceed(MethodInvocation.java:60)
[ERROR] 	at org.junit.platform.engine.execution.InvocationInterceptorChain$ValidatingInvocation.proceed(InvocationInterceptorChain.java:131)
[ERROR] 	at org.junit.platform.engine.execution.ExecutableInvoker.invoke(ExecutableInvoker.java:115)
[ERROR] 	at org.junit.platform.engine.execution.EngineExecutionOrchestrator.lambda$execute$0(EngineExecutionOrchestrator.java:54)
[ERROR] 	at org.junit.platform.engine.execution.EngineExecutionOrchestrator.withInterceptedStreams(EngineExecutionOrchestrator.java:67)
[ERROR] 	at org.junit.platform.engine.execution.EngineExecutionOrchestrator.execute(EngineExecutionOrchestrator.java:52)
[ERROR] 	at org.junit.platform.engine.execution.EngineExecutionOrchestrator.execute(EngineExecutionOrchestrator.java:38)
[ERROR] 	at org.junit.platform.engine.execution.EngineExecutionOrchestrator.execute(EngineExecutionOrchestrator.java:25)
[ERROR] 	at org.junit.platform.engine.execution.EngineExecutionOrchestrator.execute(EngineExecutionOrchestrator.java:20)
[ERROR] 	at org.junit.platform.launcher.core.EngineExecutionOrchestrator.execute(EngineExecutionOrchestrator.java:54)
[ERROR] 	at org.junit.platform.launcher.core.DefaultLauncher.execute(DefaultLauncher.java:114)
[ERROR] 	at org.junit.platform.launcher.core.DefaultLauncher.execute(DefaultLauncher.java:95)
[ERROR] 	at org.junit.platform.launcher.core.DefaultLauncher.execute(DefaultLauncher.java:67)
[ERROR] 	at org.apache.maven.surefire.junitplatform.JUnitPlatformProvider.invoke(JUnitPlatformProvider.java:188)
[ERROR] 	at org.apache.maven.surefire.booter.ForkedBooter.runSuitesInProcess(ForkedBooter.java:456)
[ERROR] 	at org.apache.maven.surefire.booter.ForkedBooter.execute(ForkedBooter.java:169)
[ERROR] 	at org.apache.maven.surefire.booter.ForkedBooter.run(ForkedBooter.java:595)
[ERROR] 	at org.apache.maven.surefire.booter.ForkedBooter.main(ForkedBooter.java:581)
[INFO] 
[INFO] Results:
[INFO] 
[ERROR] Tests run: 1, Failures: 1, Errors: 0, Skipped: 0
[INFO] 
[INFO] ------------------------------------------------------------------------
[INFO] BUILD FAILURE
[INFO] ------------------------------------------------------------------------
[INFO] Total time: 2.345 s
[INFO] Finished at: 2024-01-15T10:30:45Z
[INFO] ------------------------------------------------------------------------
[ERROR] Failed to execute goal org.apache.maven.surefire-plugin:3.0.0-M7:test (default-test) on project commons-lang3: There are test failures.
[ERROR] 
[ERROR] Please refer to /path/to/commons-lang/target/surefire-reports for the individual test results.
[ERROR] ------------------------------------------------------------------------
